[0mGET / [32m200[0m 239.548 ms - 6722[0m
[0mGET /css/layout.css [36m304[0m 4.520 ms - -[0m
[0mGET /css/header.css [36m304[0m 1.887 ms - -[0m
[0mGET /css/footer.css [36m304[0m 8.221 ms - -[0m
[0mGET /css/home.css [36m304[0m 7.277 ms - -[0m
[0mGET /css/chat_box.css [36m304[0m 4.650 ms - -[0m
[0mGET /js/home_post_comments.js [36m304[0m 5.202 ms - -[0m
[0mGET /js/home_posts.js [36m304[0m 7.304 ms - -[0m
[0mGET /js/toggle_likes.js [36m304[0m 2.615 ms - -[0m
[0mGET /js/chat_engine.js [36m304[0m 1.210 ms - -[0m
[0mGET /users/sign-up [36m304[0m 42.523 ms - -[0m
[0mGET /css/layout.css [36m304[0m 4.799 ms - -[0m
[0mGET /css/header.css [36m304[0m 6.165 ms - -[0m
[0mGET /css/footer.css [36m304[0m 6.978 ms - -[0m
[0mGET /users/sign-in [36m304[0m 15.997 ms - -[0m
[0mGET /css/layout.css [36m304[0m 1.976 ms - -[0m
[0mGET /css/header.css [36m304[0m 2.840 ms - -[0m
[0mGET /css/footer.css [36m304[0m 8.099 ms - -[0m
[0mPOST /users/create-session [36m302[0m 557.444 ms - 46[0m
[0mGET / [32m200[0m 104.515 ms - 10140[0m
[0mGET /css/layout.css [36m304[0m 3.569 ms - -[0m
[0mGET /css/header.css [36m304[0m 3.574 ms - -[0m
[0mGET /css/footer.css [36m304[0m 2.673 ms - -[0m
[0mGET /css/home.css [36m304[0m 1.773 ms - -[0m
[0mGET /css/chat_box.css [36m304[0m 3.143 ms - -[0m
[0mGET /js/home_posts.js [36m304[0m 4.559 ms - -[0m
[0mGET /js/toggle_likes.js [36m304[0m 6.361 ms - -[0m
[0mGET /js/home_post_comments.js [36m304[0m 5.163 ms - -[0m
[0mGET /js/chat_engine.js [36m304[0m 6.950 ms - -[0m
[0mGET / [32m200[0m 423.563 ms - 6722[0m
[0mGET /js/home_post_comments.js [36m304[0m 8.890 ms - -[0m
[0mGET /js/home_posts.js [36m304[0m 260.413 ms - -[0m
[0mGET /js/toggle_likes.js [36m304[0m 2.538 ms - -[0m
[0mGET /js/chat_engine.js [36m304[0m 0.877 ms - -[0m
[0mGET /users/profile/5eef9bb8ea7e146808a96695 [36m302[0m 80.034 ms - 72[0m
[0mGET /users/sign-in [36m304[0m 23.822 ms - -[0m
[0mGET /css/header.css [32m200[0m 12.388 ms - 518[0m
[0mGET /css/layout.css [32m200[0m 17.824 ms - 112[0m
[0mGET /css/footer.css [32m200[0m 19.408 ms - 250[0m
[0mPOST /users/create-session [36m302[0m 351.585 ms - 46[0m
[0mGET / [32m200[0m 67.951 ms - 10140[0m
[0mGET /css/layout.css [36m304[0m 1.959 ms - -[0m
[0mGET /js/home_post_comments.js [36m304[0m 1.450 ms - -[0m
[0mGET /js/home_posts.js [36m304[0m 2.826 ms - -[0m
[0mGET /js/toggle_likes.js [36m304[0m 3.274 ms - -[0m
[0mGET /css/footer.css [36m304[0m 18.273 ms - -[0m
[0mGET /css/header.css [36m304[0m 19.274 ms - -[0m
[0mGET /js/chat_engine.js [36m304[0m 8.685 ms - -[0m
[0mGET /css/chat_box.css [32m200[0m 27.320 ms - 1299[0m
[0mGET /css/home.css [32m200[0m 5.376 ms - 233[0m
[0mGET / [32m200[0m 123.711 ms - 9849[0m
[0mGET /js/home_post_comments.js [36m304[0m 13.349 ms - -[0m
[0mGET /js/home_posts.js [36m304[0m 2.964 ms - -[0m
[0mGET /js/toggle_likes.js [36m304[0m 2.346 ms - -[0m
[0mGET /js/chat_engine.js [36m304[0m 12.781 ms - -[0m
[0mPOST /likes/toggle/?id=5ef0a30393d1da13541b216f&type=Post [32m200[0m 414.478 ms - 58[0m
[0mPOST /comments/create [32m200[0m 475.155 ms - 314[0m
[0mPOST /likes/toggle/?id=5ef2f4435e802f55f42f8af3&type=Comment [32m200[0m 76.753 ms - 58[0m
[0mGET / [32m200[0m 74.745 ms - 10572[0m
[0mGET /js/home_post_comments.js [36m304[0m 5.566 ms - -[0m
[0mGET /js/home_posts.js [36m304[0m 0.730 ms - -[0m
[0mGET /js/toggle_likes.js [36m304[0m 2.770 ms - -[0m
[0mGET /js/chat_engine.js [36m304[0m 1.429 ms - -[0m
[0mGET / [36m304[0m 31.464 ms - -[0m
[0mGET /js/home_post_comments.js [36m304[0m 1.353 ms - -[0m
[0mGET /css/layout.css [32m200[0m 4.743 ms - 112[0m
[0mGET /js/home_posts.js [36m304[0m 2.643 ms - -[0m
[0mGET /css/home.css [32m200[0m 6.831 ms - 233[0m
[0mGET /css/header.css [32m200[0m 7.105 ms - 518[0m
[0mGET /css/footer.css [32m200[0m 7.340 ms - 250[0m
[0mGET /css/chat_box.css [32m200[0m 7.548 ms - 1299[0m
[0mGET /js/toggle_likes.js [36m304[0m 0.709 ms - -[0m
[0mGET /js/chat_engine.js [36m304[0m 0.412 ms - -[0m
[0mPOST /likes/toggle/?id=5ef2f4435e802f55f42f8af3&type=Comment [32m200[0m 16.507 ms - 57[0m
[0mGET /users/profile/5ef0a1babea01820d0f9ea2f [32m200[0m 31.366 ms - 1936[0m
[0mGET /users/profile/css/layout.css [33m404[0m 11.587 ms - 167[0m
[0mGET /users/profile/css/header.css [33m404[0m 10.979 ms - 167[0m
[0mGET /users/profile/css/footer.css [33m404[0m 11.996 ms - 167[0m
[0mGET /users/profile [33m404[0m 5.220 ms - 152[0m
[0mGET / [32m200[0m 547.574 ms - 7283[0m
[0mGET /js/home_post_comments.js [36m304[0m 15.937 ms - -[0m
[0mGET /js/toggle_likes.js [36m304[0m 364.947 ms - -[0m
[0mGET /js/home_posts.js [36m304[0m 3.994 ms - -[0m
[0mGET /js/chat_engine.js [36m304[0m 16.396 ms - -[0m
[0mGET /users/sign-up [32m200[0m 31.220 ms - 2251[0m
[0mGET /users/css/layout.css [33m404[0m 29.326 ms - 159[0m
[0mGET /users/css/header.css [33m404[0m 25.316 ms - 159[0m
[0mGET /users/css/footer.css [33m404[0m 27.228 ms - 159[0m
[0mGET /users/auth/google [36m302[0m 12.413 ms - 0[0m
[0mGET /users/auth/google/callback?code=4%2F1AGBS7SZy749z_BJHWYt4782tXqEfkFDIlAeO-UlwdwhFhdVIqWw6FVnFVA6sNpzlgDcVJx4z38dytcHedyAzzE&scope=email+profile+https%3A%2F%2Fwww.googleapis.com%2Fauth%2Fuserinfo.profile+https%3A%2F%2Fwww.googleapis.com%2Fauth%2Fuserinfo.email+openid&authuser=0&prompt=consent [31m500[0m 733.907 ms - 1126[0m
[0mGET /users/auth/google/callback?code=4%2F1AGBS7SZy749z_BJHWYt4782tXqEfkFDIlAeO-UlwdwhFhdVIqWw6FVnFVA6sNpzlgDcVJx4z38dytcHedyAzzE&scope=email+profile+https%3A%2F%2Fwww.googleapis.com%2Fauth%2Fuserinfo.profile+https%3A%2F%2Fwww.googleapis.com%2Fauth%2Fuserinfo.email+openid&authuser=0&prompt=consent [31m500[0m 9378.720 ms - 1125[0m
[0mGET / [36m304[0m 134.913 ms - -[0m
[0mGET /js/home_post_comments.js [36m304[0m 8.813 ms - -[0m
[0mGET /js/home_posts.js [36m304[0m 2.423 ms - -[0m
[0mGET /js/toggle_likes.js [36m304[0m 3.491 ms - -[0m
[0mGET /js/chat_engine.js [36m304[0m 2.954 ms - -[0m
[0mGET /users/sign-up [36m304[0m 25.275 ms - -[0m
[0mGET /users/css/layout.css [33m404[0m 12.409 ms - 159[0m
[0mGET /users/css/header.css [33m404[0m 15.257 ms - 159[0m
[0mGET /users/css/footer.css [33m404[0m 13.341 ms - 159[0m
[0mGET /users/css/layout.css [33m404[0m 9.844 ms - 159[0m
[0mGET /users/css/footer.css [33m404[0m 9.808 ms - 159[0m
[0mGET /users/css/header.css [33m404[0m 11.063 ms - 159[0m
[0mGET /users/auth/google [36m302[0m 6.258 ms - 0[0m
[0mGET /users/css/layout.css [33m404[0m 10.335 ms - 159[0m
[0mGET /users/css/header.css [33m404[0m 12.699 ms - 159[0m
[0mGET /users/css/footer.css [33m404[0m 10.443 ms - 159[0m
[0mGET /users/sign-in [32m200[0m 20.539 ms - 2095[0m
[0mGET /users/css/layout.css [33m404[0m 13.267 ms - 159[0m
[0mGET /users/css/footer.css [33m404[0m 14.941 ms - 159[0m
[0mGET /users/css/header.css [33m404[0m 16.637 ms - 159[0m
[0mPOST /users/create-session [36m302[0m 437.944 ms - 46[0m
[0mGET / [32m200[0m 48.113 ms - 10863[0m
[0mGET /js/home_post_comments.js [36m304[0m 2.120 ms - -[0m
[0mGET /js/home_posts.js [36m304[0m 3.482 ms - -[0m
[0mGET /css/layout.css [32m200[0m 13.509 ms - 112[0m
[0mGET /css/header.css [32m200[0m 15.695 ms - 518[0m
[0mGET /css/footer.css [32m200[0m 16.851 ms - 250[0m
[0mGET /css/home.css [32m200[0m 13.864 ms - 233[0m
[0mGET /css/chat_box.css [32m200[0m 14.727 ms - 1299[0m
[0mGET /js/toggle_likes.js [36m304[0m 8.038 ms - -[0m
[0mGET /js/chat_engine.js [36m304[0m 1.624 ms - -[0m
[0mGET /users/sign-out [36m302[0m 15.298 ms - 46[0m
[0mGET / [32m200[0m 76.241 ms - 7572[0m
[0mGET /js/home_post_comments.js [36m304[0m 1.117 ms - -[0m
[0mGET /css/layout.css [36m304[0m 1.720 ms - -[0m
[0mGET /css/header.css [36m304[0m 3.510 ms - -[0m
[0mGET /css/footer.css [36m304[0m 3.053 ms - -[0m
[0mGET /css/home.css [36m304[0m 3.728 ms - -[0m
[0mGET /css/chat_box.css [36m304[0m 12.426 ms - -[0m
[0mGET /js/home_posts.js [36m304[0m 4.133 ms - -[0m
[0mGET /js/toggle_likes.js [36m304[0m 4.539 ms - -[0m
[0mGET /js/chat_engine.js [36m304[0m 2.233 ms - -[0m
[0mGET /users/sign-in [36m304[0m 13.975 ms - -[0m
[0mGET /users/css/layout.css [33m404[0m 14.275 ms - 159[0m
[0mGET /users/css/header.css [33m404[0m 12.962 ms - 159[0m
[0mGET /users/css/footer.css [33m404[0m 16.512 ms - 159[0m
[0mGET /users/auth/google [36m302[0m 14.114 ms - 0[0m
[0mGET /users/auth/google/callback?code=4%2F1AFkeEe9lqSrohj0aPEfbAG-IwzRL-6cVrpvYnwkwrAx4LWs441DnvdJRLTP0jyLlhcBr6sLweQNYhJs5lflZ_c&scope=email+profile+https%3A%2F%2Fwww.googleapis.com%2Fauth%2Fuserinfo.profile+https%3A%2F%2Fwww.googleapis.com%2Fauth%2Fuserinfo.email+openid&authuser=0&prompt=consent [36m302[0m 1183.811 ms - 46[0m
[0mGET / [32m200[0m 61.713 ms - 11149[0m
[0mGET /css/layout.css [36m304[0m 3.553 ms - -[0m
[0mGET /css/footer.css [36m304[0m 1.657 ms - -[0m
[0mGET /css/header.css [36m304[0m 2.273 ms - -[0m
[0mGET /css/home.css [36m304[0m 3.017 ms - -[0m
[0mGET /css/chat_box.css [36m304[0m 5.320 ms - -[0m
[0mGET /js/home_post_comments.js [36m304[0m 3.621 ms - -[0m
[0mGET /js/home_posts.js [36m304[0m 1.490 ms - -[0m
[0mGET /js/toggle_likes.js [36m304[0m 3.288 ms - -[0m
[0mGET /js/chat_engine.js [36m304[0m 1.994 ms - -[0m
[0mPOST /likes/toggle/?id=5eef9f9b7f16190590a169ea&type=Comment [32m200[0m 116.745 ms - 58[0m
[0mGET / [32m200[0m 247.483 ms - 10858[0m
[0mGET /js/home_post_comments.js [36m304[0m 13.936 ms - -[0m
[0mGET /js/home_posts.js [36m304[0m 2.822 ms - -[0m
[0mGET /js/toggle_likes.js [36m304[0m 6.173 ms - -[0m
[0mGET /js/chat_engine.js [36m304[0m 3.421 ms - -[0m
[0mGET /users/sign-out [36m302[0m 52.680 ms - 46[0m
[0mGET / [32m200[0m 107.090 ms - 7572[0m
[0mGET /js/home_post_comments.js [36m304[0m 1.312 ms - -[0m
[0mGET /js/home_posts.js [36m304[0m 2.029 ms - -[0m
[0mGET /css/layout.css [32m200[0m 11.875 ms - 112[0m
[0mGET /css/header.css [32m200[0m 15.079 ms - 518[0m
[0mGET /css/footer.css [32m200[0m 16.215 ms - 250[0m
[0mGET /css/home.css [32m200[0m 17.329 ms - 233[0m
[0mGET /css/chat_box.css [32m200[0m 18.727 ms - 1299[0m
[0mGET /js/toggle_likes.js [36m304[0m 4.032 ms - -[0m
[0mGET /js/chat_engine.js [36m304[0m 2.990 ms - -[0m
[0mGET /users/sign-in [36m304[0m 21.560 ms - -[0m
[0mGET /users/css/layout.css [33m404[0m 9.953 ms - 159[0m
[0mGET /users/css/header.css [33m404[0m 12.117 ms - 159[0m
[0mGET /users/css/footer.css [33m404[0m 12.593 ms - 159[0m
[0mPOST /users/create-session [36m302[0m 51.496 ms - 46[0m
[0mGET / [32m200[0m 86.508 ms - 10863[0m
[0mGET /css/layout.css [36m304[0m 0.727 ms - -[0m
[0mGET /js/home_post_comments.js [36m304[0m 3.551 ms - -[0m
[0mGET /js/home_posts.js [36m304[0m 2.460 ms - -[0m
[0mGET /css/footer.css [36m304[0m 1.341 ms - -[0m
[0mGET /css/header.css [36m304[0m 1.893 ms - -[0m
[0mGET /css/home.css [36m304[0m 4.109 ms - -[0m
[0mGET /js/toggle_likes.js [36m304[0m 3.616 ms - -[0m
[0mGET /css/chat_box.css [36m304[0m 3.551 ms - -[0m
[0mGET /js/chat_engine.js [36m304[0m 3.176 ms - -[0m
[0mGET /users/sign-out [36m302[0m 8.887 ms - 46[0m
[0mGET / [32m200[0m 62.184 ms - 7572[0m
[0mGET /js/home_post_comments.js [36m304[0m 1.689 ms - -[0m
[0mGET /css/layout.css [36m304[0m 3.641 ms - -[0m
[0mGET /css/header.css [36m304[0m 4.753 ms - -[0m
[0mGET /css/footer.css [36m304[0m 5.345 ms - -[0m
[0mGET /js/home_posts.js [36m304[0m 6.027 ms - -[0m
[0mGET /css/home.css [36m304[0m 7.379 ms - -[0m
[0mGET /css/chat_box.css [36m304[0m 8.125 ms - -[0m
[0mGET /js/toggle_likes.js [36m304[0m 5.395 ms - -[0m
[0mGET /js/chat_engine.js [36m304[0m 1.992 ms - -[0m
[0mGET /users/sign-up [36m304[0m 11.933 ms - -[0m
[0mGET /users/css/layout.css [33m404[0m 13.908 ms - 159[0m
[0mGET /users/css/header.css [33m404[0m 16.225 ms - 159[0m
[0mGET /users/css/footer.css [33m404[0m 17.499 ms - 159[0m
[0mGET /users/auth/google [36m302[0m 16.969 ms - 0[0m
[0mGET / [32m200[0m 305.046 ms - 7283[0m
[0mGET /js/home_post_comments.js [36m304[0m 6.976 ms - -[0m
[0mGET /js/chat_engine.js [36m304[0m 45.347 ms - -[0m
[0mGET /js/home_posts.js [36m304[0m 3.359 ms - -[0m
[0mGET /js/toggle_likes.js [36m304[0m 1.975 ms - -[0m
[0mGET /users/sign-up [36m304[0m 20.452 ms - -[0m
[0mGET /users/css/layout.css [33m404[0m 40.915 ms - 159[0m
[0mGET /users/css/header.css [33m404[0m 40.594 ms - 159[0m
[0mGET /users/css/footer.css [33m404[0m 52.339 ms - 159[0m
[0mGET /users/css/layout.css [33m404[0m 12.551 ms - 159[0m
[0mGET /users/css/header.css [33m404[0m 13.019 ms - 159[0m
[0mGET /users/css/footer.css [33m404[0m 14.685 ms - 159[0m
[0mGET /users/auth/google [36m302[0m 10.886 ms - 0[0m
[0mGET /users/auth/google/callback?code=4%2F1AE5JgvGhu_Z59iCyh-VZeX_kDaBrCtVnTzTjyoS9ojBej1MBAUhgSYD1vAvwBSNu0S_UKMDc9Al7QB-Tbjqcjk&scope=email+profile+https%3A%2F%2Fwww.googleapis.com%2Fauth%2Fuserinfo.profile+https%3A%2F%2Fwww.googleapis.com%2Fauth%2Fuserinfo.email+openid&authuser=0&prompt=consent [36m302[0m 1452.205 ms - 46[0m
[0mGET / [32m200[0m 58.463 ms - 11149[0m
[0mGET /js/home_post_comments.js [36m304[0m 2.829 ms - -[0m
[0mGET /css/footer.css [32m200[0m 6.834 ms - 250[0m
[0mGET /css/layout.css [32m200[0m 8.295 ms - 112[0m
[0mGET /css/header.css [32m200[0m 9.034 ms - 518[0m
[0mGET /js/home_posts.js [36m304[0m 4.914 ms - -[0m
[0mGET /css/home.css [32m200[0m 10.427 ms - 233[0m
[0mGET /js/toggle_likes.js [36m304[0m 1.905 ms - -[0m
[0mGET /js/chat_engine.js [36m304[0m 1.436 ms - -[0m
[0mGET /css/chat_box.css [32m200[0m 11.108 ms - 1299[0m
[0mPOST /comments/create [32m200[0m 604.605 ms - 328[0m
[0mPOST /posts/create [32m200[0m 22.815 ms - 272[0m
[0mPOST /likes/toggle/?id=5ef45c8a30f99e61f8b1d652&type=Post [32m200[0m 28.175 ms - 58[0m
[0mPOST /comments/create [32m200[0m 26.546 ms - 329[0m
